10860 [Test worker] INFO  application.ListenerMy - Start on -->https://contacts-app.tobbymarshall815.vercel.app/
14810 [Test worker] INFO  TestBase - start test logOutTest
14812 [Test worker] INFO  application.ListenerMy - Start search -->By.xpath: //*[text()='Sign Out']
24858 [Test worker] INFO  application.ListenerMy - Found -->By.xpath: //*[text()='Sign Out']
24862 [Test worker] INFO  application.ListenerMy - Start search -->By.cssSelector: [href='/login']
24888 [Test worker] INFO  application.ListenerMy - Found -->By.cssSelector: [href='/login']
24897 [Test worker] INFO  application.ListenerMy - Click on --> [[ChromeDriver: chrome on MAC (04bf100e41cf1cf186713f48e4772168)] -> css selector: [href='/login']]
25275 [Test worker] INFO  application.ListenerMy - Start search -->By.xpath: //input[1]
25299 [Test worker] INFO  application.ListenerMy - Found -->By.xpath: //input[1]
25300 [Test worker] INFO  application.ListenerMy - Click on --> [[ChromeDriver: chrome on MAC (04bf100e41cf1cf186713f48e4772168)] -> xpath: //input[1]]
25366 [Test worker] INFO  application.ListenerMy - Start search -->By.xpath: //input[1]
25382 [Test worker] INFO  application.ListenerMy - Found -->By.xpath: //input[1]
25419 [Test worker] INFO  application.ListenerMy - Start search -->By.xpath: //input[1]
25431 [Test worker] INFO  application.ListenerMy - Found -->By.xpath: //input[1]
25642 [Test worker] INFO  application.ListenerMy - Start search -->By.xpath: //input[2]
25661 [Test worker] INFO  application.ListenerMy - Found -->By.xpath: //input[2]
25662 [Test worker] INFO  application.ListenerMy - Click on --> [[ChromeDriver: chrome on MAC (04bf100e41cf1cf186713f48e4772168)] -> xpath: //input[2]]
25716 [Test worker] INFO  application.ListenerMy - Start search -->By.xpath: //input[2]
25729 [Test worker] INFO  application.ListenerMy - Found -->By.xpath: //input[2]
25760 [Test worker] INFO  application.ListenerMy - Start search -->By.xpath: //input[2]
25772 [Test worker] INFO  application.ListenerMy - Found -->By.xpath: //input[2]
25833 [Test worker] INFO  application.ListenerMy - Start search -->By.xpath: //button[.=' Login']
25867 [Test worker] INFO  application.ListenerMy - Found -->By.xpath: //button[.=' Login']
25867 [Test worker] INFO  application.ListenerMy - Click on --> [[ChromeDriver: chrome on MAC (04bf100e41cf1cf186713f48e4772168)] -> xpath: //button[.=' Login']]
27936 [Test worker] INFO  application.ListenerMy - Start search -->By.xpath: //*[.='Sign Out']
27966 [Test worker] INFO  application.ListenerMy - Found -->By.xpath: //*[.='Sign Out']
27967 [Test worker] INFO  application.ListenerMy - Click on --> [[ChromeDriver: chrome on MAC (04bf100e41cf1cf186713f48e4772168)] -> xpath: //*[.='Sign Out']]
32716 [Test worker] INFO  application.ListenerMy - Start search -->By.xpath: //*[.=' Login']
33007 [Test worker] INFO  application.ListenerMy - Found -->By.xpath: //*[.=' Login']
33015 [Test worker] INFO  TestBase - End of test logOutTest
