13749 [Test worker] INFO  application.ListenerMy - Start on -->https://contacts-app.tobbymarshall815.vercel.app/
15718 [Test worker] INFO  TestBase - start test loginTestFromFile
15724 [Test worker] INFO  application.ListenerMy - Start search -->By.cssSelector: [href='/login']
15765 [Test worker] INFO  application.ListenerMy - Found -->By.cssSelector: [href='/login']
15774 [Test worker] INFO  application.ListenerMy - Click on --> [[ChromeDriver: chrome on MAC (3b42b5df0a6fa6f941cf1bcf21435f64)] -> css selector: [href='/login']]
15904 [Test worker] INFO  application.ListenerMy - Start search -->By.xpath: //input[1]
15931 [Test worker] INFO  application.ListenerMy - Found -->By.xpath: //input[1]
15936 [Test worker] INFO  application.ListenerMy - Click on --> [[ChromeDriver: chrome on MAC (3b42b5df0a6fa6f941cf1bcf21435f64)] -> xpath: //input[1]]
16012 [Test worker] INFO  application.ListenerMy - Start search -->By.xpath: //input[1]
16029 [Test worker] INFO  application.ListenerMy - Found -->By.xpath: //input[1]
16073 [Test worker] INFO  application.ListenerMy - Start search -->By.xpath: //input[1]
16091 [Test worker] INFO  application.ListenerMy - Found -->By.xpath: //input[1]
16336 [Test worker] INFO  application.ListenerMy - Start search -->By.xpath: //input[2]
16359 [Test worker] INFO  application.ListenerMy - Found -->By.xpath: //input[2]
16360 [Test worker] INFO  application.ListenerMy - Click on --> [[ChromeDriver: chrome on MAC (3b42b5df0a6fa6f941cf1bcf21435f64)] -> xpath: //input[2]]
16429 [Test worker] INFO  application.ListenerMy - Start search -->By.xpath: //input[2]
16452 [Test worker] INFO  application.ListenerMy - Found -->By.xpath: //input[2]
16500 [Test worker] INFO  application.ListenerMy - Start search -->By.xpath: //input[2]
16517 [Test worker] INFO  application.ListenerMy - Found -->By.xpath: //input[2]
16614 [Test worker] INFO  application.ListenerMy - Start search -->By.xpath: //button[.=' Login']
16638 [Test worker] INFO  application.ListenerMy - Found -->By.xpath: //button[.=' Login']
16639 [Test worker] INFO  application.ListenerMy - Click on --> [[ChromeDriver: chrome on MAC (3b42b5df0a6fa6f941cf1bcf21435f64)] -> xpath: //button[.=' Login']]
17837 [Test worker] INFO  application.ListenerMy - Start search -->By.xpath: //*[text()='Sign Out']
18640 [Test worker] INFO  application.ListenerMy - Found -->By.xpath: //*[text()='Sign Out']
18651 [Test worker] INFO  application.ListenerMy - Start search -->By.xpath: //*[text()='Sign Out']
18663 [Test worker] INFO  application.ListenerMy - Found -->By.xpath: //*[text()='Sign Out']
18664 [Test worker] INFO  TestBase - End of test loginTestFromFile
28483 [Test worker] INFO  application.ListenerMy - Start on -->https://contacts-app.tobbymarshall815.vercel.app/
32462 [Test worker] INFO  TestBase - start test loginTestFromFile
32463 [Test worker] INFO  application.ListenerMy - Start search -->By.cssSelector: [href='/login']
32517 [Test worker] INFO  application.ListenerMy - Found -->By.cssSelector: [href='/login']
32518 [Test worker] INFO  application.ListenerMy - Click on --> [[ChromeDriver: chrome on MAC (ba8521e09ae08c613efe990acfbdcfb9)] -> css selector: [href='/login']]
32702 [Test worker] INFO  application.ListenerMy - Start search -->By.xpath: //input[1]
32743 [Test worker] INFO  application.ListenerMy - Found -->By.xpath: //input[1]
32744 [Test worker] INFO  application.ListenerMy - Click on --> [[ChromeDriver: chrome on MAC (ba8521e09ae08c613efe990acfbdcfb9)] -> xpath: //input[1]]
32841 [Test worker] INFO  application.ListenerMy - Start search -->By.xpath: //input[1]
32858 [Test worker] INFO  application.ListenerMy - Found -->By.xpath: //input[1]
32898 [Test worker] INFO  application.ListenerMy - Start search -->By.xpath: //input[1]
32910 [Test worker] INFO  application.ListenerMy - Found -->By.xpath: //input[1]
33098 [Test worker] INFO  application.ListenerMy - Start search -->By.xpath: //input[2]
33115 [Test worker] INFO  application.ListenerMy - Found -->By.xpath: //input[2]
33115 [Test worker] INFO  application.ListenerMy - Click on --> [[ChromeDriver: chrome on MAC (ba8521e09ae08c613efe990acfbdcfb9)] -> xpath: //input[2]]
33185 [Test worker] INFO  application.ListenerMy - Start search -->By.xpath: //input[2]
33198 [Test worker] INFO  application.ListenerMy - Found -->By.xpath: //input[2]
33229 [Test worker] INFO  application.ListenerMy - Start search -->By.xpath: //input[2]
33243 [Test worker] INFO  application.ListenerMy - Found -->By.xpath: //input[2]
33299 [Test worker] INFO  application.ListenerMy - Start search -->By.xpath: //button[.=' Login']
33319 [Test worker] INFO  application.ListenerMy - Found -->By.xpath: //button[.=' Login']
33320 [Test worker] INFO  application.ListenerMy - Click on --> [[ChromeDriver: chrome on MAC (ba8521e09ae08c613efe990acfbdcfb9)] -> xpath: //button[.=' Login']]
33370 [Test worker] INFO  application.ListenerMy - Start search -->By.xpath: //*[text()='Sign Out']
36182 [Test worker] INFO  application.ListenerMy - Found -->By.xpath: //*[text()='Sign Out']
36184 [Test worker] INFO  application.ListenerMy - Start search -->By.xpath: //*[text()='Sign Out']
36205 [Test worker] INFO  application.ListenerMy - Found -->By.xpath: //*[text()='Sign Out']
36207 [Test worker] INFO  TestBase - End of test loginTestFromFile
