11039 [Test worker] INFO  application.ListenerMy - Start on -->https://contacts-app.tobbymarshall815.vercel.app/
15255 [Test worker] INFO  TestBase - start test loginTest
15258 [Test worker] INFO  application.ListenerMy - Start search -->By.cssSelector: [href='/login']
16535 [Test worker] INFO  application.ListenerMy - Found -->By.cssSelector: [href='/login']
16551 [Test worker] INFO  application.ListenerMy - Click on --> [[ChromeDriver: chrome on MAC (2ff55c1e3f087fae3eac6f2551b5f46d)] -> css selector: [href='/login']]
18394 [Test worker] INFO  application.ListenerMy - Start search -->By.xpath: //input[1]
18426 [Test worker] INFO  application.ListenerMy - Found -->By.xpath: //input[1]
18427 [Test worker] INFO  application.ListenerMy - Click on --> [[ChromeDriver: chrome on MAC (2ff55c1e3f087fae3eac6f2551b5f46d)] -> xpath: //input[1]]
18543 [Test worker] INFO  application.ListenerMy - Start search -->By.xpath: //input[1]
18558 [Test worker] INFO  application.ListenerMy - Found -->By.xpath: //input[1]
18594 [Test worker] INFO  application.ListenerMy - Start search -->By.xpath: //input[1]
18606 [Test worker] INFO  application.ListenerMy - Found -->By.xpath: //input[1]
20081 [Test worker] INFO  application.ListenerMy - Start search -->By.xpath: //input[2]
20102 [Test worker] INFO  application.ListenerMy - Found -->By.xpath: //input[2]
20102 [Test worker] INFO  application.ListenerMy - Click on --> [[ChromeDriver: chrome on MAC (2ff55c1e3f087fae3eac6f2551b5f46d)] -> xpath: //input[2]]
20163 [Test worker] INFO  application.ListenerMy - Start search -->By.xpath: //input[2]
20178 [Test worker] INFO  application.ListenerMy - Found -->By.xpath: //input[2]
20264 [Test worker] INFO  application.ListenerMy - Start search -->By.xpath: //input[2]
20277 [Test worker] INFO  application.ListenerMy - Found -->By.xpath: //input[2]
20352 [Test worker] INFO  application.ListenerMy - Start search -->By.xpath: //button[.=' Login']
20370 [Test worker] INFO  application.ListenerMy - Found -->By.xpath: //button[.=' Login']
20372 [Test worker] INFO  application.ListenerMy - Click on --> [[ChromeDriver: chrome on MAC (2ff55c1e3f087fae3eac6f2551b5f46d)] -> xpath: //button[.=' Login']]
23513 [Test worker] INFO  application.ListenerMy - Start search -->By.xpath: //*[text()='Sign Out']
31242 [Test worker] INFO  application.ListenerMy - Found -->By.xpath: //*[text()='Sign Out']
31256 [Test worker] INFO  application.ListenerMy - Start search -->By.xpath: //*[text()='Sign Out']
31270 [Test worker] INFO  application.ListenerMy - Found -->By.xpath: //*[text()='Sign Out']
31271 [Test worker] INFO  TestBase - End of test loginTest
